2025-06-21 21:06:43 [INFO]: Mongoose disconnected from MongoDB
2025-06-21 21:16:44 [INFO]: Mongoose connected to MongoDB
2025-06-21 21:16:44 [INFO]: Mongoose reconnected to MongoDB
2025-06-21 21:17:07 [INFO]: Received SIGINT, closing database connection...
2025-06-21 21:17:07 [INFO]: Shutdown initiated by signal: SIGINT
2025-06-21 21:17:07 [INFO]: HTTP server closed
2025-06-21 21:17:07 [INFO]: Mongoose disconnected from MongoDB
2025-06-21 21:17:13 [INFO]: Mongoose connected to MongoDB
2025-06-21 21:17:13 [INFO]: Database connected: ceconbol
2025-06-21 21:17:13 [INFO]: DB: CONNECTION_SUCCESS
2025-06-21 21:17:13 [INFO]: HTTP server started successfully
2025-06-21 21:24:49 [ERROR]: Error caught by middleware Credenciales inválidas
Error: Credenciales inválidas
    at createError (C:\Users\lenovo\Documents\CeconBol\backend\src\middlewares\manejoErrores.js:166:17)
    at Object.loginUser (C:\Users\lenovo\Documents\CeconBol\backend\src\servicios\authService.js:58:11)
    at process.processTicksAndRejections (node:internal/process/task_queues:105:5)
    at async C:\Users\lenovo\Documents\CeconBol\backend\src\controladores\authController.js:25:18
2025-06-21 21:24:49 [WARN]: HTTP: POST /api/auth/login - 401 (17ms)
2025-06-21 21:25:39 [INFO]: AUTH: USER_REGISTERED
2025-06-21 21:25:39 [INFO]: HTTP: POST /register - 201 (274ms)
2025-06-21 21:26:49 [INFO]: AUTH: USER_LOGIN
2025-06-21 21:26:49 [INFO]: HTTP: POST /login - 200 (261ms)
2025-06-21 21:28:06 [INFO]: Received SIGINT, closing database connection...
2025-06-22 12:48:38 [INFO]: Mongoose connected to MongoDB
2025-06-22 12:48:38 [INFO]: Database connected: ceconbol
2025-06-22 12:48:38 [INFO]: DB: CONNECTION_SUCCESS
2025-06-22 12:48:38 [INFO]: HTTP server started successfully
2025-06-22 12:48:46 [INFO]: HTTP: GET /destacados?limite=6 - 200 (75ms)
2025-06-22 12:48:46 [INFO]: HTTP: GET /populares?limite=8 - 200 (59ms)
2025-06-22 12:49:14 [INFO]: HTTP: GET /destacados?limite=6 - 200 (17ms)
2025-06-22 12:49:14 [INFO]: HTTP: GET /populares?limite=8 - 200 (12ms)
2025-06-22 13:17:00 [INFO]: Received SIGINT, closing database connection...
